2025-11-22 01:41:34 INFO     Cleaner started at 2025-11-22 01:41:34.963878
2025-11-22 01:41:34 INFO     Skipping non-lyric file (catalog/auxiliary): files\catalog.json
2025-11-22 01:41:34 INFO     Processing files... -> files\songs\abel_pintos\3.txt
2025-11-22 01:41:34 INFO     Processing files... -> files\songs\abel_pintos\5_siglos_igual.txt
2025-11-22 01:41:34 ERROR    Error reading file files\songs\abel_pintos\5_siglos_igual.txt: 'charmap' codec can't decode byte 0x81 in position 587: character maps to <undefined>
2025-11-22 01:41:34 INFO     Processing files... -> files\songs\abel_pintos\abismo.txt
2025-11-22 01:41:35 INFO     Processing files... -> files\songs\abel_pintos\adios.txt
2025-11-22 01:41:35 INFO     Processing files... -> files\songs\abel_pintos\alguien.txt
2025-11-22 01:41:35 ERROR    Error reading file files\songs\abel_pintos\alguien.txt: 'charmap' codec can't decode byte 0x8d in position 320: character maps to <undefined>
2025-11-22 01:41:35 INFO     Processing files... -> files\songs\abel_pintos\alguna_vez.txt
2025-11-22 01:41:35 INFO     Processing files... -> files\songs\abel_pintos\amame.txt
2025-11-22 01:41:35 INFO     Processing files... -> files\songs\abel_pintos\anclada_en_mis_suenios.txt
2025-11-22 01:41:35 INFO     Processing files... -> files\songs\abel_pintos\aqui.txt
2025-11-22 01:41:35 INFO     Processing files... -> files\songs\abel_pintos\aqui_te_espero.txt
2025-11-22 01:41:35 INFO     Processing files... -> files\songs\abel_pintos\arder_en_libertad.txt
2025-11-22 01:41:35 INFO     Processing files... -> files\songs\abel_pintos\asuntos_pendientes.txt
2025-11-22 01:41:35 INFO     Processing files... -> files\songs\abel_pintos\aventura.txt
2025-11-22 01:41:35 INFO     Processing files... -> files\songs\abel_pintos\a_veces_pasa.txt
2025-11-22 01:41:35 INFO     Processing files... -> files\songs\abel_pintos\bailando_con_tu_sombra.txt
2025-11-22 01:41:35 ERROR    Error reading file files\songs\abel_pintos\bailando_con_tu_sombra.txt: 'charmap' codec can't decode byte 0x8d in position 724: character maps to <undefined>
2025-11-22 01:41:35 INFO     Processing files... -> files\songs\abel_pintos\bailando_con_tu_sombra_aleli.txt
2025-11-22 01:41:35 ERROR    Error reading file files\songs\abel_pintos\bailando_con_tu_sombra_aleli.txt: 'charmap' codec can't decode byte 0x8d in position 837: character maps to <undefined>
2025-11-22 01:41:35 INFO     Processing files... -> files\songs\abel_pintos\bella_flor.txt
2025-11-22 01:41:35 INFO     Processing files... -> files\songs\abel_pintos\bonus_track.txt
2025-11-22 01:41:35 INFO     Processing files... -> files\songs\abel_pintos\botellas_al_mar.txt
2025-11-22 01:41:35 INFO     Processing files... -> files\songs\abel_pintos\buenos_amores.txt
2025-11-22 01:41:35 INFO     Processing files... -> files\songs\abel_pintos\caceria.txt
2025-11-22 01:41:35 INFO     Processing files... -> files\songs\abel_pintos\cactus.txt
2025-11-22 01:41:35 INFO     Processing files... -> files\songs\abel_pintos\cada_segundo_sin_vos.txt
2025-11-22 01:41:35 INFO     Processing files... -> files\songs\abel_pintos\cancion_que_acuna.txt
2025-11-22 01:41:35 INFO     Processing files... -> files\songs\abel_pintos\canta.txt
2025-11-22 01:41:35 INFO     Processing files... -> files\songs\abel_pintos\carta_urgente.txt
2025-11-22 01:41:35 INFO     Processing files... -> files\songs\abel_pintos\cerca_del_mar.txt
2025-11-22 01:41:35 INFO     Processing files... -> files\songs\abel_pintos\cien_anios.txt
2025-11-22 01:41:35 INFO     Processing files... -> files\songs\abel_pintos\como_te_extranio.txt
2025-11-22 01:41:35 INFO     Processing files... -> files\songs\abel_pintos\corazon_ambriento.txt
2025-11-22 01:41:35 INFO     Processing files... -> files\songs\abel_pintos\cronica.txt
2025-11-22 01:41:35 INFO     Processing files... -> files\songs\abel_pintos\cuando_llegue_el_alba.txt
2025-11-22 01:41:35 INFO     Processing files... -> files\songs\abel_pintos\cuantas_veces.txt
2025-11-22 01:41:35 INFO     Processing files... -> files\songs\abel_pintos\de_amor_y_de_guerra.txt
2025-11-22 01:41:35 INFO     Processing files... -> files\songs\abel_pintos\de_solo_vivir.txt
2025-11-22 01:41:35 INFO     Processing files... -> files\songs\abel_pintos\disparos.txt
2025-11-22 01:41:35 INFO     Processing files... -> files\songs\abel_pintos\duenios_del_amor.txt
2025-11-22 01:41:35 INFO     Processing files... -> files\songs\abel_pintos\el_adivino.txt
2025-11-22 01:41:35 INFO     Processing files... -> files\songs\abel_pintos\el_alcatraz.txt
2025-11-22 01:41:35 INFO     Processing files... -> files\songs\abel_pintos\el_amor_en_mi_vida.txt
2025-11-22 01:41:35 INFO     Processing files... -> files\songs\abel_pintos\el_antigal.txt
2025-11-22 01:41:35 INFO     Processing files... -> files\songs\abel_pintos\el_beso.txt
2025-11-22 01:41:35 INFO     Processing files... -> files\songs\abel_pintos\el_dominguero.txt
2025-11-22 01:41:35 INFO     Processing files... -> files\songs\abel_pintos\el_hechizo.txt
2025-11-22 01:41:35 INFO     Processing files... -> files\songs\abel_pintos\el_mar.txt
2025-11-22 01:41:35 INFO     Processing files... -> files\songs\abel_pintos\el_rio_va.txt
2025-11-22 01:41:35 INFO     Processing files... -> files\songs\abel_pintos\el_sabor_del_mar.txt
2025-11-22 01:41:35 INFO     Processing files... -> files\songs\abel_pintos\espiritu.txt
2025-11-22 01:41:35 INFO     Processing files... -> files\songs\abel_pintos\es_la_duenia.txt
2025-11-22 01:41:35 INFO     Processing files... -> files\songs\abel_pintos\eternidad.txt
2025-11-22 01:41:35 INFO     Processing files... -> files\songs\abel_pintos\filosofia_viajera.txt
2025-11-22 01:41:35 INFO     Processing files... -> files\songs\abel_pintos\flores_en_el_rio.txt
2025-11-22 01:41:35 INFO     Processing files... -> files\songs\abel_pintos\hasta_aqui.txt
2025-11-22 01:41:35 INFO     Processing files... -> files\songs\abel_pintos\huracan.txt
2025-11-22 01:41:35 INFO     Processing files... -> files\songs\abel_pintos\incomparable.txt
2025-11-22 01:41:35 INFO     Processing files... -> files\songs\abel_pintos\juntos.txt
2025-11-22 01:41:35 INFO     Processing files... -> files\songs\abel_pintos\latidos.txt
2025-11-22 01:41:35 INFO     Processing files... -> files\songs\abel_pintos\la_filosofica.txt
2025-11-22 01:41:35 INFO     Processing files... -> files\songs\abel_pintos\la_llave.txt
2025-11-22 01:41:35 INFO     Processing files... -> files\songs\abel_pintos\la_sapachera.txt
2025-11-22 01:41:35 INFO     Processing files... -> files\songs\abel_pintos\la_tucumanita.txt
2025-11-22 01:41:35 INFO     Processing files... -> files\songs\abel_pintos\la_voz_del_olvido.txt
2025-11-22 01:41:35 INFO     Processing files... -> files\songs\abel_pintos\libertad.txt
2025-11-22 01:41:35 INFO     Processing files... -> files\songs\abel_pintos\lo_que_soy.txt
2025-11-22 01:41:35 INFO     Processing files... -> files\songs\abel_pintos\lucero.txt
2025-11-22 01:41:35 INFO     Processing files... -> files\songs\abel_pintos\luna_llena.txt
2025-11-22 01:41:35 INFO     Processing files... -> files\songs\abel_pintos\mariposa.txt
2025-11-22 01:41:35 INFO     Processing files... -> files\songs\abel_pintos\mas_que_mi_destino.txt
2025-11-22 01:41:35 INFO     Processing files... -> files\songs\abel_pintos\milagro_en_cruz.txt
2025-11-22 01:41:35 INFO     Processing files... -> files\songs\abel_pintos\mi_angel.txt
2025-11-22 01:41:35 INFO     Processing files... -> files\songs\abel_pintos\mi_error.txt
2025-11-22 01:41:35 INFO     Processing files... -> files\songs\abel_pintos\mi_pueblo_azul.txt
2025-11-22 01:41:35 INFO     Processing files... -> files\songs\abel_pintos\motivos.txt
2025-11-22 01:41:35 INFO     Processing files... -> files\songs\abel_pintos\no_me_olvides.txt
2025-11-22 01:41:35 INFO     Processing files... -> files\songs\abel_pintos\no_pares.txt
2025-11-22 01:41:35 INFO     Processing files... -> files\songs\abel_pintos\ofrezco.txt
2025-11-22 01:41:35 INFO     Processing files... -> files\songs\abel_pintos\ojos_de_cielo.txt
2025-11-22 01:41:35 INFO     Processing files... -> files\songs\abel_pintos\once_mil.txt
2025-11-22 01:41:35 INFO     Processing files... -> files\songs\abel_pintos\pajaro_cantor.txt
2025-11-22 01:41:35 INFO     Processing files... -> files\songs\abel_pintos\para_cantar_he_nacido.txt
2025-11-22 01:41:35 INFO     Processing files... -> files\songs\abel_pintos\para_cobrar_altura.txt
2025-11-22 01:41:35 INFO     Processing files... -> files\songs\abel_pintos\para_saber.txt
2025-11-22 01:41:35 INFO     Processing files... -> files\songs\abel_pintos\payada.txt
2025-11-22 01:41:35 INFO     Processing files... -> files\songs\abel_pintos\peregrinos.txt
2025-11-22 01:41:35 INFO     Processing files... -> files\songs\abel_pintos\piedra_libre.txt
2025-11-22 01:41:35 INFO     Processing files... -> files\songs\abel_pintos\poniente_de_soles.txt
2025-11-22 01:41:35 INFO     Processing files... -> files\songs\abel_pintos\por_ellas_por_las_mas_bellas.txt
2025-11-22 01:41:35 INFO     Processing files... -> files\songs\abel_pintos\por_ella_la_mas_bella.txt
2025-11-22 01:41:35 INFO     Processing files... -> files\songs\abel_pintos\por_una_gota.txt
2025-11-22 01:41:35 INFO     Processing files... -> files\songs\abel_pintos\primavera.txt
2025-11-22 01:41:35 INFO     Processing files... -> files\songs\abel_pintos\que_te_vaya_bien.txt
2025-11-22 01:41:35 INFO     Processing files... -> files\songs\abel_pintos\que_viva_la_chacarera.txt
2025-11-22 01:41:35 INFO     Processing files... -> files\songs\abel_pintos\quien_pudiera.txt
2025-11-22 01:41:35 INFO     Processing files... -> files\songs\abel_pintos\quiero_cantar.txt
2025-11-22 01:41:35 INFO     Processing files... -> files\songs\abel_pintos\quisiera.txt
2025-11-22 01:41:35 INFO     Processing files... -> files\songs\abel_pintos\reevolucion.txt
2025-11-22 01:41:35 INFO     Processing files... -> files\songs\abel_pintos\reflejo_real.txt
2025-11-22 01:41:35 INFO     Processing files... -> files\songs\abel_pintos\revolucion.txt
2025-11-22 01:41:35 INFO     Processing files... -> files\songs\abel_pintos\simple_cancion.txt
2025-11-22 01:41:35 ERROR    Error reading file files\songs\abel_pintos\simple_cancion.txt: 'charmap' codec can't decode byte 0x81 in position 818: character maps to <undefined>
2025-11-22 01:41:35 INFO     Processing files... -> files\songs\abel_pintos\sin_principio_ni_final.txt
2025-11-22 01:41:35 INFO     Processing files... -> files\songs\abel_pintos\soledad.txt
2025-11-22 01:41:35 INFO     Processing files... -> files\songs\abel_pintos\solo.txt
2025-11-22 01:41:35 INFO     Processing files... -> files\songs\abel_pintos\solo_canto_por_vos.txt
2025-11-22 01:41:35 INFO     Processing files... -> files\songs\abel_pintos\solo_soy_una_cancion.txt
2025-11-22 01:41:35 INFO     Processing files... -> files\songs\abel_pintos\somos_uno.txt
2025-11-22 01:41:35 INFO     Processing files... -> files\songs\abel_pintos\stephanie.txt
2025-11-22 01:41:35 INFO     Processing files... -> files\songs\abel_pintos\suenio_dorado.txt
2025-11-22 01:41:35 INFO     Processing files... -> files\songs\abel_pintos\tanto_amor.txt
2025-11-22 01:41:35 INFO     Processing files... -> files\songs\abel_pintos\te_amo.txt
2025-11-22 01:41:35 ERROR    Error reading file files\songs\abel_pintos\te_amo.txt: 'charmap' codec can't decode byte 0x8d in position 397: character maps to <undefined>
2025-11-22 01:41:35 INFO     Processing files... -> files\songs\abel_pintos\te_extranio.txt
2025-11-22 01:41:35 INFO     Processing files... -> files\songs\abel_pintos\tiempo.txt
2025-11-22 01:41:35 INFO     Processing files... -> files\songs\abel_pintos\todos_iguales.txt
2025-11-22 01:41:35 INFO     Processing files... -> files\songs\abel_pintos\todos_los_dias_un_poco.txt
2025-11-22 01:41:35 ERROR    Error reading file files\songs\abel_pintos\todos_los_dias_un_poco.txt: 'charmap' codec can't decode byte 0x81 in position 1017: character maps to <undefined>
2025-11-22 01:41:35 INFO     Processing files... -> files\songs\abel_pintos\todo_esta_en_vos.txt
2025-11-22 01:41:35 INFO     Processing files... -> files\songs\abel_pintos\todo_y_lo_que_no_tengo.txt
2025-11-22 01:41:35 INFO     Processing files... -> files\songs\abel_pintos\tonada_de_un_viejo_amor.txt
2025-11-22 01:41:35 INFO     Processing files... -> files\songs\abel_pintos\tu_voz.txt
2025-11-22 01:41:35 INFO     Processing files... -> files\songs\abel_pintos\una_flor_y_una_cruz.txt
2025-11-22 01:41:35 INFO     Processing files... -> files\songs\abel_pintos\una_razon.txt
2025-11-22 01:41:35 INFO     Processing files... -> files\songs\abel_pintos\un_soplo_de_amor.txt
2025-11-22 01:41:35 INFO     Processing files... -> files\songs\abel_pintos\ya_estuve_aqui.txt
2025-11-22 01:41:35 INFO     Processing files... -> files\songs\abel_pintos\zamba_para_olvidar.txt
2025-11-22 01:41:35 INFO     Processing files... -> files\songs\abel_pintos\zamba_por_vos.txt
2025-11-22 01:41:35 INFO     Processing files... -> files\songs\abel_zavala\abre_mis_ojos_oh_cristo.txt
2025-11-22 01:41:35 INFO     Processing files... -> files\songs\abel_zavala\alaben_su_nombre.txt
2025-11-22 01:41:35 INFO     Processing files... -> files\songs\abel_zavala\al_estar_ante_ti.txt
2025-11-22 01:41:35 INFO     Processing files... -> files\songs\abel_zavala\al_unico_y_sabio_dios.txt
2025-11-22 01:41:35 INFO     Processing files... -> files\songs\abel_zavala\amarte_siempre.txt
2025-11-22 01:41:35 INFO     Processing files... -> files\songs\abel_zavala\ante_el_senior.txt
2025-11-22 01:41:35 INFO     Processing files... -> files\songs\abel_zavala\a_ti_sea_la_gloria.txt
2025-11-22 01:41:35 INFO     Processing files... -> files\songs\abel_zavala\cristo_te_amo.txt
2025-11-22 01:41:35 INFO     Processing files... -> files\songs\abel_zavala\dejando_tu_trono.txt
2025-11-22 01:41:35 INFO     Processing files... -> files\songs\abel_zavala\deseado_de_mi_alma.txt
2025-11-22 01:41:35 INFO     Processing files... -> files\songs\abel_zavala\de_tal_manera.txt
2025-11-22 01:41:35 INFO     Processing files... -> files\songs\abel_zavala\dispuesto_estoy.txt
2025-11-22 01:41:35 INFO     Processing files... -> files\songs\abel_zavala\el_es_el_unico_dios.txt
2025-11-22 01:41:35 INFO     Processing files... -> files\songs\abel_zavala\el_gozo_del_senior.txt
2025-11-22 01:41:35 INFO     Processing files... -> files\songs\abel_zavala\el_padre_que_siempre_sonie.txt
2025-11-22 01:41:35 INFO     Processing files... -> files\songs\abel_zavala\enamorame.txt
2025-11-22 01:41:35 INFO     Processing files... -> files\songs\abel_zavala\estar_contigo.txt
2025-11-22 01:41:35 INFO     Processing files... -> files\songs\abel_zavala\es_hora_de_volver.txt
2025-11-22 01:41:35 INFO     Processing files... -> files\songs\abel_zavala\exaltad.txt
2025-11-22 01:41:35 INFO     Processing files... -> files\songs\abel_zavala\gloria_en_las_alturas.txt
2025-11-22 01:41:35 ERROR    Error reading file files\songs\abel_zavala\gloria_en_las_alturas.txt: 'charmap' codec can't decode byte 0x81 in position 368: character maps to <undefined>
2025-11-22 01:41:35 INFO     Processing files... -> files\songs\abel_zavala\guardame_en_tu_presencia.txt
2025-11-22 01:41:35 INFO     Processing files... -> files\songs\abel_zavala\hasta_el_desierto.txt
2025-11-22 01:41:35 INFO     Processing files... -> files\songs\abel_zavala\hoy_te_rindo_mi_ser.txt
2025-11-22 01:41:35 INFO     Processing files... -> files\songs\abel_zavala\inmerecedor.txt
2025-11-22 01:41:35 INFO     Processing files... -> files\songs\abel_zavala\jesus_mi_fiel_amigo.txt
2025-11-22 01:41:36 INFO     Processing files... -> files\songs\abel_zavala\la_flor_mas_hermosa.txt
2025-11-22 01:41:36 INFO     Processing files... -> files\songs\abel_zavala\la_ninia_de_tus_ojos.txt
2025-11-22 01:41:36 INFO     Processing files... -> files\songs\abel_zavala\la_roca.txt
2025-11-22 01:41:36 INFO     Processing files... -> files\songs\abel_zavala\listo_para_nuestro_encuentro.txt
2025-11-22 01:41:36 INFO     Processing files... -> files\songs\abel_zavala\lo_unico_que_quiero.txt
2025-11-22 01:41:36 INFO     Processing files... -> files\songs\abel_zavala\mira_que_soy_tu_siervo.txt
2025-11-22 01:41:36 INFO     Processing files... -> files\songs\abel_zavala\no_hace_falta.txt
2025-11-22 01:41:36 INFO     Processing files... -> files\songs\abel_zavala\no_temere.txt
2025-11-22 01:41:36 INFO     Processing files... -> files\songs\abel_zavala\nueva_historia.txt
2025-11-22 01:41:36 INFO     Processing files... -> files\songs\abel_zavala\palabras_de_verdad.txt
2025-11-22 01:41:36 INFO     Processing files... -> files\songs\abel_zavala\quiero_agradecerte.txt
2025-11-22 01:41:36 INFO     Processing files... -> files\songs\abel_zavala\quiero_decirle_al_mundo.txt
2025-11-22 01:41:36 INFO     Processing files... -> files\songs\abel_zavala\quiero_estar_presente.txt
2025-11-22 01:41:36 INFO     Processing files... -> files\songs\abel_zavala\serviremos_al_senior.txt
2025-11-22 01:41:36 INFO     Processing files... -> files\songs\abel_zavala\se_oye_una_nueva_cancion.txt
2025-11-22 01:41:36 INFO     Processing files... -> files\songs\abel_zavala\te_llamas_amor.txt
2025-11-22 01:41:36 INFO     Processing files... -> files\songs\abel_zavala\te_pertenezco.txt
2025-11-22 01:41:36 INFO     Processing files... -> files\songs\abel_zavala\tomame_de_tu_mano.txt
2025-11-22 01:41:36 INFO     Processing files... -> files\songs\abel_zavala\tomame_en_tus_brazos.txt
2025-11-22 01:41:36 INFO     Processing files... -> files\songs\abel_zavala\unanimes.txt
2025-11-22 01:41:36 INFO     Processing files... -> files\songs\abel_zavala\ven_a_mi_casa.txt
2025-11-22 01:41:36 INFO     Processing files... -> files\songs\abel_zavala\veo_llover.txt
2025-11-22 01:41:36 INFO     Processing files... -> files\songs\abel_zavala\vivire.txt
2025-11-22 01:41:36 INFO     Processing files... -> files\songs\abel_zavala\yo_quiero_mas_de_ti.txt
2025-11-22 01:41:36 INFO     Cleaner ended at 2025-11-22 01:41:36.171629
2025-11-22 01:41:36 INFO     Total duration: 0:00:01.207751
