2025-11-22 01:41:37 INFO     Lyrics module started at 2025-11-22 01:41:37.315848
2025-11-22 01:41:37 INFO     Output directory created: files\lyrics_only
2025-11-22 01:41:37 ERROR    Error processing file files\validations\ok\songs\abel_pintos\abismo.txt: 'charmap' codec can't encode character '\u2705' in position 0: character maps to <undefined>
2025-11-22 01:41:37 ERROR    Error processing file files\validations\ok\songs\abel_pintos\adios.txt: 'charmap' codec can't encode character '\u2705' in position 0: character maps to <undefined>
2025-11-22 01:41:37 ERROR    Error processing file files\validations\ok\songs\abel_pintos\alguna_vez.txt: 'charmap' codec can't encode character '\u2705' in position 0: character maps to <undefined>
2025-11-22 01:41:37 ERROR    Error processing file files\validations\ok\songs\abel_pintos\amame.txt: 'charmap' codec can't encode character '\u2705' in position 0: character maps to <undefined>
2025-11-22 01:41:37 ERROR    Error processing file files\validations\ok\songs\abel_pintos\aqui.txt: 'charmap' codec can't encode character '\u2705' in position 0: character maps to <undefined>
2025-11-22 01:41:37 ERROR    Error processing file files\validations\ok\songs\abel_pintos\aqui_te_espero.txt: 'charmap' codec can't encode character '\u2705' in position 0: character maps to <undefined>
2025-11-22 01:41:37 ERROR    Error processing file files\validations\ok\songs\abel_pintos\arder_en_libertad.txt: 'charmap' codec can't encode character '\u2705' in position 0: character maps to <undefined>
2025-11-22 01:41:37 ERROR    Error processing file files\validations\ok\songs\abel_pintos\asuntos_pendientes.txt: 'charmap' codec can't encode character '\u2705' in position 0: character maps to <undefined>
2025-11-22 01:41:37 ERROR    Error processing file files\validations\ok\songs\abel_pintos\aventura.txt: 'charmap' codec can't encode character '\u2705' in position 0: character maps to <undefined>
2025-11-22 01:41:37 ERROR    Error processing file files\validations\ok\songs\abel_pintos\a_veces_pasa.txt: 'charmap' codec can't encode character '\u2705' in position 0: character maps to <undefined>
2025-11-22 01:41:37 ERROR    Error processing file files\validations\ok\songs\abel_pintos\bonus_track.txt: 'charmap' codec can't encode character '\u2705' in position 0: character maps to <undefined>
2025-11-22 01:41:37 ERROR    Error processing file files\validations\ok\songs\abel_pintos\botellas_al_mar.txt: 'charmap' codec can't encode character '\u2705' in position 0: character maps to <undefined>
2025-11-22 01:41:37 ERROR    Error processing file files\validations\ok\songs\abel_pintos\buenos_amores.txt: 'charmap' codec can't encode character '\u2705' in position 0: character maps to <undefined>
2025-11-22 01:41:37 ERROR    Error processing file files\validations\ok\songs\abel_pintos\caceria.txt: 'charmap' codec can't encode character '\u2705' in position 0: character maps to <undefined>
2025-11-22 01:41:37 ERROR    Error processing file files\validations\ok\songs\abel_pintos\cada_segundo_sin_vos.txt: 'charmap' codec can't encode character '\u2705' in position 0: character maps to <undefined>
2025-11-22 01:41:37 ERROR    Error processing file files\validations\ok\songs\abel_pintos\cancion_que_acuna.txt: 'charmap' codec can't encode character '\u2705' in position 0: character maps to <undefined>
2025-11-22 01:41:37 ERROR    Error processing file files\validations\ok\songs\abel_pintos\carta_urgente.txt: 'charmap' codec can't encode character '\u2705' in position 0: character maps to <undefined>
2025-11-22 01:41:37 ERROR    Error processing file files\validations\ok\songs\abel_pintos\cerca_del_mar.txt: 'charmap' codec can't encode character '\u2705' in position 0: character maps to <undefined>
2025-11-22 01:41:37 ERROR    Error processing file files\validations\ok\songs\abel_pintos\cien_anios.txt: 'charmap' codec can't encode character '\u2705' in position 0: character maps to <undefined>
2025-11-22 01:41:37 ERROR    Error processing file files\validations\ok\songs\abel_pintos\como_te_extranio.txt: 'charmap' codec can't encode character '\u2705' in position 0: character maps to <undefined>
2025-11-22 01:41:37 ERROR    Error processing file files\validations\ok\songs\abel_pintos\corazon_ambriento.txt: 'charmap' codec can't encode character '\u2705' in position 0: character maps to <undefined>
2025-11-22 01:41:37 ERROR    Error processing file files\validations\ok\songs\abel_pintos\cronica.txt: 'charmap' codec can't encode character '\u2705' in position 0: character maps to <undefined>
2025-11-22 01:41:37 ERROR    Error processing file files\validations\ok\songs\abel_pintos\de_solo_vivir.txt: 'charmap' codec can't encode character '\u2705' in position 0: character maps to <undefined>
2025-11-22 01:41:37 ERROR    Error processing file files\validations\ok\songs\abel_pintos\disparos.txt: 'charmap' codec can't encode character '\u2705' in position 0: character maps to <undefined>
2025-11-22 01:41:37 ERROR    Error processing file files\validations\ok\songs\abel_pintos\el_alcatraz.txt: 'charmap' codec can't encode character '\u2705' in position 0: character maps to <undefined>
2025-11-22 01:41:37 ERROR    Error processing file files\validations\ok\songs\abel_pintos\el_amor_en_mi_vida.txt: 'charmap' codec can't encode character '\u2705' in position 0: character maps to <undefined>
2025-11-22 01:41:37 ERROR    Error processing file files\validations\ok\songs\abel_pintos\el_antigal.txt: 'charmap' codec can't encode character '\u2705' in position 0: character maps to <undefined>
2025-11-22 01:41:37 ERROR    Error processing file files\validations\ok\songs\abel_pintos\el_dominguero.txt: 'charmap' codec can't encode character '\u2705' in position 0: character maps to <undefined>
2025-11-22 01:41:37 ERROR    Error processing file files\validations\ok\songs\abel_pintos\el_hechizo.txt: 'charmap' codec can't encode character '\u2705' in position 0: character maps to <undefined>
2025-11-22 01:41:37 ERROR    Error processing file files\validations\ok\songs\abel_pintos\el_mar.txt: 'charmap' codec can't encode character '\u2705' in position 0: character maps to <undefined>
2025-11-22 01:41:37 ERROR    Error processing file files\validations\ok\songs\abel_pintos\el_rio_va.txt: 'charmap' codec can't encode character '\u2705' in position 0: character maps to <undefined>
2025-11-22 01:41:37 ERROR    Error processing file files\validations\ok\songs\abel_pintos\el_sabor_del_mar.txt: 'charmap' codec can't encode character '\u2705' in position 0: character maps to <undefined>
2025-11-22 01:41:37 ERROR    Error processing file files\validations\ok\songs\abel_pintos\espiritu.txt: 'charmap' codec can't encode character '\u2705' in position 0: character maps to <undefined>
2025-11-22 01:41:37 ERROR    Error processing file files\validations\ok\songs\abel_pintos\es_la_duenia.txt: 'charmap' codec can't encode character '\u2705' in position 0: character maps to <undefined>
2025-11-22 01:41:37 ERROR    Error processing file files\validations\ok\songs\abel_pintos\eternidad.txt: 'charmap' codec can't encode character '\u2705' in position 0: character maps to <undefined>
2025-11-22 01:41:37 ERROR    Error processing file files\validations\ok\songs\abel_pintos\flores_en_el_rio.txt: 'charmap' codec can't encode character '\u2705' in position 0: character maps to <undefined>
2025-11-22 01:41:37 ERROR    Error processing file files\validations\ok\songs\abel_pintos\juntos.txt: 'charmap' codec can't encode character '\u2705' in position 0: character maps to <undefined>
2025-11-22 01:41:37 ERROR    Error processing file files\validations\ok\songs\abel_pintos\la_llave.txt: 'charmap' codec can't encode character '\u2705' in position 0: character maps to <undefined>
2025-11-22 01:41:37 ERROR    Error processing file files\validations\ok\songs\abel_pintos\la_sapachera.txt: 'charmap' codec can't encode character '\u2705' in position 0: character maps to <undefined>
2025-11-22 01:41:37 ERROR    Error processing file files\validations\ok\songs\abel_pintos\la_tucumanita.txt: 'charmap' codec can't encode character '\u2705' in position 0: character maps to <undefined>
2025-11-22 01:41:37 ERROR    Error processing file files\validations\ok\songs\abel_pintos\la_voz_del_olvido.txt: 'charmap' codec can't encode character '\u2705' in position 0: character maps to <undefined>
2025-11-22 01:41:37 ERROR    Error processing file files\validations\ok\songs\abel_pintos\libertad.txt: 'charmap' codec can't encode character '\u2705' in position 0: character maps to <undefined>
2025-11-22 01:41:37 ERROR    Error processing file files\validations\ok\songs\abel_pintos\lo_que_soy.txt: 'charmap' codec can't encode character '\u2705' in position 0: character maps to <undefined>
2025-11-22 01:41:37 ERROR    Error processing file files\validations\ok\songs\abel_pintos\lucero.txt: 'charmap' codec can't encode character '\u2705' in position 0: character maps to <undefined>
2025-11-22 01:41:37 ERROR    Error processing file files\validations\ok\songs\abel_pintos\luna_llena.txt: 'charmap' codec can't encode character '\u2705' in position 0: character maps to <undefined>
2025-11-22 01:41:37 ERROR    Error processing file files\validations\ok\songs\abel_pintos\mariposa.txt: 'charmap' codec can't encode character '\u2705' in position 0: character maps to <undefined>
2025-11-22 01:41:37 ERROR    Error processing file files\validations\ok\songs\abel_pintos\mas_que_mi_destino.txt: 'charmap' codec can't encode character '\u2705' in position 0: character maps to <undefined>
2025-11-22 01:41:37 ERROR    Error processing file files\validations\ok\songs\abel_pintos\mi_angel.txt: 'charmap' codec can't encode character '\u2705' in position 0: character maps to <undefined>
2025-11-22 01:41:37 ERROR    Error processing file files\validations\ok\songs\abel_pintos\mi_error.txt: 'charmap' codec can't encode character '\u2705' in position 0: character maps to <undefined>
2025-11-22 01:41:37 ERROR    Error processing file files\validations\ok\songs\abel_pintos\motivos.txt: 'charmap' codec can't encode character '\u2705' in position 0: character maps to <undefined>
2025-11-22 01:41:37 ERROR    Error processing file files\validations\ok\songs\abel_pintos\ofrezco.txt: 'charmap' codec can't encode character '\u2705' in position 0: character maps to <undefined>
2025-11-22 01:41:37 ERROR    Error processing file files\validations\ok\songs\abel_pintos\once_mil.txt: 'charmap' codec can't encode character '\u2705' in position 0: character maps to <undefined>
2025-11-22 01:41:37 ERROR    Error processing file files\validations\ok\songs\abel_pintos\pajaro_cantor.txt: 'charmap' codec can't encode character '\u2705' in position 0: character maps to <undefined>
2025-11-22 01:41:37 ERROR    Error processing file files\validations\ok\songs\abel_pintos\para_cantar_he_nacido.txt: 'charmap' codec can't encode character '\u2705' in position 0: character maps to <undefined>
2025-11-22 01:41:37 ERROR    Error processing file files\validations\ok\songs\abel_pintos\para_saber.txt: 'charmap' codec can't encode character '\u2705' in position 0: character maps to <undefined>
2025-11-22 01:41:37 ERROR    Error processing file files\validations\ok\songs\abel_pintos\peregrinos.txt: 'charmap' codec can't encode character '\u2705' in position 0: character maps to <undefined>
2025-11-22 01:41:37 ERROR    Error processing file files\validations\ok\songs\abel_pintos\piedra_libre.txt: 'charmap' codec can't encode character '\u2705' in position 0: character maps to <undefined>
2025-11-22 01:41:37 ERROR    Error processing file files\validations\ok\songs\abel_pintos\poniente_de_soles.txt: 'charmap' codec can't encode character '\u2705' in position 0: character maps to <undefined>
2025-11-22 01:41:37 ERROR    Error processing file files\validations\ok\songs\abel_pintos\por_una_gota.txt: 'charmap' codec can't encode character '\u2705' in position 0: character maps to <undefined>
2025-11-22 01:41:37 ERROR    Error processing file files\validations\ok\songs\abel_pintos\primavera.txt: 'charmap' codec can't encode character '\u2705' in position 0: character maps to <undefined>
2025-11-22 01:41:37 ERROR    Error processing file files\validations\ok\songs\abel_pintos\que_te_vaya_bien.txt: 'charmap' codec can't encode character '\u2705' in position 0: character maps to <undefined>
2025-11-22 01:41:37 ERROR    Error processing file files\validations\ok\songs\abel_pintos\que_viva_la_chacarera.txt: 'charmap' codec can't encode character '\u2705' in position 0: character maps to <undefined>
2025-11-22 01:41:37 ERROR    Error processing file files\validations\ok\songs\abel_pintos\quiero_cantar.txt: 'charmap' codec can't encode character '\u2705' in position 0: character maps to <undefined>
2025-11-22 01:41:37 ERROR    Error processing file files\validations\ok\songs\abel_pintos\reevolucion.txt: 'charmap' codec can't encode character '\u2705' in position 0: character maps to <undefined>
2025-11-22 01:41:37 ERROR    Error processing file files\validations\ok\songs\abel_pintos\reflejo_real.txt: 'charmap' codec can't encode character '\u2705' in position 0: character maps to <undefined>
2025-11-22 01:41:37 ERROR    Error processing file files\validations\ok\songs\abel_pintos\revolucion.txt: 'charmap' codec can't encode character '\u2705' in position 0: character maps to <undefined>
2025-11-22 01:41:37 ERROR    Error processing file files\validations\ok\songs\abel_pintos\solo.txt: 'charmap' codec can't encode character '\u2705' in position 0: character maps to <undefined>
2025-11-22 01:41:37 ERROR    Error processing file files\validations\ok\songs\abel_pintos\solo_canto_por_vos.txt: 'charmap' codec can't encode character '\u2705' in position 0: character maps to <undefined>
2025-11-22 01:41:37 ERROR    Error processing file files\validations\ok\songs\abel_pintos\solo_soy_una_cancion.txt: 'charmap' codec can't encode character '\u2705' in position 0: character maps to <undefined>
2025-11-22 01:41:37 ERROR    Error processing file files\validations\ok\songs\abel_pintos\somos_uno.txt: 'charmap' codec can't encode character '\u2705' in position 0: character maps to <undefined>
2025-11-22 01:41:37 ERROR    Error processing file files\validations\ok\songs\abel_pintos\stephanie.txt: 'charmap' codec can't encode character '\u2705' in position 0: character maps to <undefined>
2025-11-22 01:41:37 ERROR    Error processing file files\validations\ok\songs\abel_pintos\tanto_amor.txt: 'charmap' codec can't encode character '\u2705' in position 0: character maps to <undefined>
2025-11-22 01:41:37 ERROR    Error processing file files\validations\ok\songs\abel_pintos\te_extranio.txt: 'charmap' codec can't encode character '\u2705' in position 0: character maps to <undefined>
2025-11-22 01:41:37 ERROR    Error processing file files\validations\ok\songs\abel_pintos\todos_iguales.txt: 'charmap' codec can't encode character '\u2705' in position 0: character maps to <undefined>
2025-11-22 01:41:37 ERROR    Error processing file files\validations\ok\songs\abel_pintos\todo_esta_en_vos.txt: 'charmap' codec can't encode character '\u2705' in position 0: character maps to <undefined>
2025-11-22 01:41:37 ERROR    Error processing file files\validations\ok\songs\abel_pintos\tonada_de_un_viejo_amor.txt: 'charmap' codec can't encode character '\u2705' in position 0: character maps to <undefined>
2025-11-22 01:41:37 ERROR    Error processing file files\validations\ok\songs\abel_pintos\tu_voz.txt: 'charmap' codec can't encode character '\u2705' in position 0: character maps to <undefined>
2025-11-22 01:41:37 ERROR    Error processing file files\validations\ok\songs\abel_pintos\una_razon.txt: 'charmap' codec can't encode character '\u2705' in position 0: character maps to <undefined>
2025-11-22 01:41:37 ERROR    Error processing file files\validations\ok\songs\abel_pintos\ya_estuve_aqui.txt: 'charmap' codec can't encode character '\u2705' in position 0: character maps to <undefined>
2025-11-22 01:41:37 ERROR    Error processing file files\validations\ok\songs\abel_pintos\zamba_para_olvidar.txt: 'charmap' codec can't encode character '\u2705' in position 0: character maps to <undefined>
2025-11-22 01:41:37 ERROR    Error processing file files\validations\ok\songs\abel_pintos\zamba_por_vos.txt: 'charmap' codec can't encode character '\u2705' in position 0: character maps to <undefined>
2025-11-22 01:41:37 ERROR    Error processing file files\validations\ok\songs\abel_zavala\alaben_su_nombre.txt: 'charmap' codec can't encode character '\u2705' in position 0: character maps to <undefined>
2025-11-22 01:41:37 ERROR    Error processing file files\validations\ok\songs\abel_zavala\al_estar_ante_ti.txt: 'charmap' codec can't encode character '\u2705' in position 0: character maps to <undefined>
2025-11-22 01:41:37 ERROR    Error processing file files\validations\ok\songs\abel_zavala\al_unico_y_sabio_dios.txt: 'charmap' codec can't encode character '\u2705' in position 0: character maps to <undefined>
2025-11-22 01:41:37 ERROR    Error processing file files\validations\ok\songs\abel_zavala\amarte_siempre.txt: 'charmap' codec can't encode character '\u2705' in position 0: character maps to <undefined>
2025-11-22 01:41:37 ERROR    Error processing file files\validations\ok\songs\abel_zavala\ante_el_senior.txt: 'charmap' codec can't encode character '\u2705' in position 0: character maps to <undefined>
2025-11-22 01:41:37 ERROR    Error processing file files\validations\ok\songs\abel_zavala\a_ti_sea_la_gloria.txt: 'charmap' codec can't encode character '\u2705' in position 0: character maps to <undefined>
2025-11-22 01:41:37 ERROR    Error processing file files\validations\ok\songs\abel_zavala\cristo_te_amo.txt: 'charmap' codec can't encode character '\u2705' in position 0: character maps to <undefined>
2025-11-22 01:41:37 ERROR    Error processing file files\validations\ok\songs\abel_zavala\dejando_tu_trono.txt: 'charmap' codec can't encode character '\u2705' in position 0: character maps to <undefined>
2025-11-22 01:41:37 ERROR    Error processing file files\validations\ok\songs\abel_zavala\deseado_de_mi_alma.txt: 'charmap' codec can't encode character '\u2705' in position 0: character maps to <undefined>
2025-11-22 01:41:37 ERROR    Error processing file files\validations\ok\songs\abel_zavala\dispuesto_estoy.txt: 'charmap' codec can't encode character '\u2705' in position 0: character maps to <undefined>
2025-11-22 01:41:37 ERROR    Error processing file files\validations\ok\songs\abel_zavala\el_es_el_unico_dios.txt: 'charmap' codec can't encode character '\u2705' in position 0: character maps to <undefined>
2025-11-22 01:41:37 ERROR    Error processing file files\validations\ok\songs\abel_zavala\el_gozo_del_senior.txt: 'charmap' codec can't encode character '\u2705' in position 0: character maps to <undefined>
2025-11-22 01:41:37 ERROR    Error processing file files\validations\ok\songs\abel_zavala\el_padre_que_siempre_sonie.txt: 'charmap' codec can't encode character '\u2705' in position 0: character maps to <undefined>
2025-11-22 01:41:37 ERROR    Error processing file files\validations\ok\songs\abel_zavala\enamorame.txt: 'charmap' codec can't encode character '\u2705' in position 0: character maps to <undefined>
2025-11-22 01:41:37 ERROR    Error processing file files\validations\ok\songs\abel_zavala\estar_contigo.txt: 'charmap' codec can't encode character '\u2705' in position 0: character maps to <undefined>
2025-11-22 01:41:37 ERROR    Error processing file files\validations\ok\songs\abel_zavala\es_hora_de_volver.txt: 'charmap' codec can't encode character '\u2705' in position 0: character maps to <undefined>
2025-11-22 01:41:37 ERROR    Error processing file files\validations\ok\songs\abel_zavala\exaltad.txt: 'charmap' codec can't encode character '\u2705' in position 0: character maps to <undefined>
2025-11-22 01:41:37 ERROR    Error processing file files\validations\ok\songs\abel_zavala\guardame_en_tu_presencia.txt: 'charmap' codec can't encode character '\u2705' in position 0: character maps to <undefined>
2025-11-22 01:41:37 ERROR    Error processing file files\validations\ok\songs\abel_zavala\jesus_mi_fiel_amigo.txt: 'charmap' codec can't encode character '\u2705' in position 0: character maps to <undefined>
2025-11-22 01:41:37 ERROR    Error processing file files\validations\ok\songs\abel_zavala\la_flor_mas_hermosa.txt: 'charmap' codec can't encode character '\u2705' in position 0: character maps to <undefined>
2025-11-22 01:41:37 ERROR    Error processing file files\validations\ok\songs\abel_zavala\la_ninia_de_tus_ojos.txt: 'charmap' codec can't encode character '\u2705' in position 0: character maps to <undefined>
2025-11-22 01:41:37 ERROR    Error processing file files\validations\ok\songs\abel_zavala\la_roca.txt: 'charmap' codec can't encode character '\u2705' in position 0: character maps to <undefined>
2025-11-22 01:41:37 ERROR    Error processing file files\validations\ok\songs\abel_zavala\listo_para_nuestro_encuentro.txt: 'charmap' codec can't encode character '\u2705' in position 0: character maps to <undefined>
2025-11-22 01:41:37 ERROR    Error processing file files\validations\ok\songs\abel_zavala\mira_que_soy_tu_siervo.txt: 'charmap' codec can't encode character '\u2705' in position 0: character maps to <undefined>
2025-11-22 01:41:37 ERROR    Error processing file files\validations\ok\songs\abel_zavala\no_hace_falta.txt: 'charmap' codec can't encode character '\u2705' in position 0: character maps to <undefined>
2025-11-22 01:41:37 ERROR    Error processing file files\validations\ok\songs\abel_zavala\nueva_historia.txt: 'charmap' codec can't encode character '\u2705' in position 0: character maps to <undefined>
2025-11-22 01:41:37 ERROR    Error processing file files\validations\ok\songs\abel_zavala\quiero_agradecerte.txt: 'charmap' codec can't encode character '\u2705' in position 0: character maps to <undefined>
2025-11-22 01:41:37 ERROR    Error processing file files\validations\ok\songs\abel_zavala\quiero_decirle_al_mundo.txt: 'charmap' codec can't encode character '\u2705' in position 0: character maps to <undefined>
2025-11-22 01:41:37 ERROR    Error processing file files\validations\ok\songs\abel_zavala\quiero_estar_presente.txt: 'charmap' codec can't encode character '\u2705' in position 0: character maps to <undefined>
2025-11-22 01:41:37 ERROR    Error processing file files\validations\ok\songs\abel_zavala\se_oye_una_nueva_cancion.txt: 'charmap' codec can't encode character '\u2705' in position 0: character maps to <undefined>
2025-11-22 01:41:37 ERROR    Error processing file files\validations\ok\songs\abel_zavala\te_llamas_amor.txt: 'charmap' codec can't encode character '\u2705' in position 0: character maps to <undefined>
2025-11-22 01:41:37 ERROR    Error processing file files\validations\ok\songs\abel_zavala\te_pertenezco.txt: 'charmap' codec can't encode character '\u2705' in position 0: character maps to <undefined>
2025-11-22 01:41:37 ERROR    Error processing file files\validations\ok\songs\abel_zavala\tomame_de_tu_mano.txt: 'charmap' codec can't encode character '\u2705' in position 0: character maps to <undefined>
2025-11-22 01:41:37 ERROR    Error processing file files\validations\ok\songs\abel_zavala\tomame_en_tus_brazos.txt: 'charmap' codec can't encode character '\u2705' in position 0: character maps to <undefined>
2025-11-22 01:41:37 ERROR    Error processing file files\validations\ok\songs\abel_zavala\unanimes.txt: 'charmap' codec can't encode character '\u2705' in position 0: character maps to <undefined>
2025-11-22 01:41:37 ERROR    Error processing file files\validations\ok\songs\abel_zavala\ven_a_mi_casa.txt: 'charmap' codec can't encode character '\u2705' in position 0: character maps to <undefined>
2025-11-22 01:41:37 ERROR    Error processing file files\validations\ok\songs\abel_zavala\veo_llover.txt: 'charmap' codec can't encode character '\u2705' in position 0: character maps to <undefined>
2025-11-22 01:41:37 ERROR    Error processing file files\validations\ok\songs\abel_zavala\vivire.txt: 'charmap' codec can't encode character '\u2705' in position 0: character maps to <undefined>
2025-11-22 01:41:37 ERROR    Error processing file files\validations\ok\songs\abel_zavala\yo_quiero_mas_de_ti.txt: 'charmap' codec can't encode character '\u2705' in position 0: character maps to <undefined>
2025-11-22 01:41:37 INFO     Lyrics module ended at 2025-11-22 01:41:37.616049. Processed: 120
2025-11-22 01:41:37 INFO     Total duration: 0:00:00.300201
